[NLY-GIN-ADMIN] 2020/12/18 - 00:01:07.540	[34minfo[0m	/api/v1/user	{"status": 204, "method": "OPTIONS", "path": "/api/v1/user", "query": "", "ip": "::1", "user-agent": "Mozilla/5.0 (Windows NT 10.0; Win64; x64) AppleWebKit/537.36 (KHTML, like Gecko) Chrome/86.0.4240.111 Safari/537.36", "errors": "", "cost": 0}
[NLY-GIN-ADMIN] 2020/12/18 - 00:01:07.574	[34minfo[0m	/api/v1/user	{"status": 204, "method": "OPTIONS", "path": "/api/v1/user", "query": "", "ip": "::1", "user-agent": "Mozilla/5.0 (Windows NT 10.0; Win64; x64) AppleWebKit/537.36 (KHTML, like Gecko) Chrome/86.0.4240.111 Safari/537.36", "errors": "", "cost": 0}
[NLY-GIN-ADMIN] 2020/12/18 - 00:01:07.790	[34minfo[0m	/api/v1/user	{"status": 200, "method": "GET", "path": "/api/v1/user", "query": "", "ip": "::1", "user-agent": "Mozilla/5.0 (Windows NT 10.0; Win64; x64) AppleWebKit/537.36 (KHTML, like Gecko) Chrome/86.0.4240.111 Safari/537.36", "errors": "", "cost": 0.2164211}
[NLY-GIN-ADMIN] 2020/12/18 - 00:01:08.041	[34minfo[0m	/api/v1/user	{"status": 200, "method": "GET", "path": "/api/v1/user", "query": "", "ip": "::1", "user-agent": "Mozilla/5.0 (Windows NT 10.0; Win64; x64) AppleWebKit/537.36 (KHTML, like Gecko) Chrome/86.0.4240.111 Safari/537.36", "errors": "", "cost": 0.2483357}
[NLY-GIN-ADMIN] 2020/12/18 - 00:02:58.721	[34minfo[0m	/api/v1/user	{"status": 204, "method": "OPTIONS", "path": "/api/v1/user", "query": "", "ip": "::1", "user-agent": "Mozilla/5.0 (Windows NT 10.0; Win64; x64) AppleWebKit/537.36 (KHTML, like Gecko) Chrome/86.0.4240.111 Safari/537.36", "errors": "", "cost": 0}
[NLY-GIN-ADMIN] 2020/12/18 - 00:02:58.944	[34minfo[0m	/api/v1/user	{"status": 200, "method": "GET", "path": "/api/v1/user", "query": "", "ip": "::1", "user-agent": "Mozilla/5.0 (Windows NT 10.0; Win64; x64) AppleWebKit/537.36 (KHTML, like Gecko) Chrome/86.0.4240.111 Safari/537.36", "errors": "", "cost": 0.2209541}
[NLY-GIN-ADMIN] 2020/12/18 - 00:02:59.742	[34minfo[0m	/api/v1/user	{"status": 200, "method": "GET", "path": "/api/v1/user", "query": "", "ip": "::1", "user-agent": "Mozilla/5.0 (Windows NT 10.0; Win64; x64) AppleWebKit/537.36 (KHTML, like Gecko) Chrome/86.0.4240.111 Safari/537.36", "errors": "", "cost": 0.2234151}
[NLY-GIN-ADMIN] 2020/12/18 - 00:05:31.941	[34minfo[0m	/api/v1/user	{"status": 204, "method": "OPTIONS", "path": "/api/v1/user", "query": "", "ip": "::1", "user-agent": "Mozilla/5.0 (Windows NT 10.0; Win64; x64) AppleWebKit/537.36 (KHTML, like Gecko) Chrome/86.0.4240.111 Safari/537.36", "errors": "", "cost": 0}
[NLY-GIN-ADMIN] 2020/12/18 - 00:05:32.183	[34minfo[0m	/api/v1/user	{"status": 200, "method": "GET", "path": "/api/v1/user", "query": "", "ip": "::1", "user-agent": "Mozilla/5.0 (Windows NT 10.0; Win64; x64) AppleWebKit/537.36 (KHTML, like Gecko) Chrome/86.0.4240.111 Safari/537.36", "errors": "", "cost": 0.2353717}
[NLY-GIN-ADMIN] 2020/12/18 - 00:07:16.802	[34minfo[0m	/api/v1/user	{"status": 204, "method": "OPTIONS", "path": "/api/v1/user", "query": "", "ip": "::1", "user-agent": "Mozilla/5.0 (Windows NT 10.0; Win64; x64) AppleWebKit/537.36 (KHTML, like Gecko) Chrome/86.0.4240.111 Safari/537.36", "errors": "", "cost": 0}
[NLY-GIN-ADMIN] 2020/12/18 - 00:07:16.985	[34minfo[0m	/api/v1/user	{"status": 200, "method": "GET", "path": "/api/v1/user", "query": "", "ip": "::1", "user-agent": "Mozilla/5.0 (Windows NT 10.0; Win64; x64) AppleWebKit/537.36 (KHTML, like Gecko) Chrome/86.0.4240.111 Safari/537.36", "errors": "", "cost": 0.1805173}
[NLY-GIN-ADMIN] 2020/12/18 - 00:07:17.207	[34minfo[0m	/api/v1/user	{"status": 200, "method": "GET", "path": "/api/v1/user", "query": "", "ip": "::1", "user-agent": "Mozilla/5.0 (Windows NT 10.0; Win64; x64) AppleWebKit/537.36 (KHTML, like Gecko) Chrome/86.0.4240.111 Safari/537.36", "errors": "", "cost": 0.2194143}
[NLY-GIN-ADMIN] 2020/12/18 - 00:10:28.077	[34minfo[0m	/api/v1/user	{"status": 204, "method": "OPTIONS", "path": "/api/v1/user", "query": "", "ip": "::1", "user-agent": "Mozilla/5.0 (Windows NT 10.0; Win64; x64) AppleWebKit/537.36 (KHTML, like Gecko) Chrome/86.0.4240.111 Safari/537.36", "errors": "", "cost": 0}
[NLY-GIN-ADMIN] 2020/12/18 - 00:10:28.312	[34minfo[0m	/api/v1/user	{"status": 200, "method": "GET", "path": "/api/v1/user", "query": "", "ip": "::1", "user-agent": "Mozilla/5.0 (Windows NT 10.0; Win64; x64) AppleWebKit/537.36 (KHTML, like Gecko) Chrome/86.0.4240.111 Safari/537.36", "errors": "", "cost": 0.2323644}
[NLY-GIN-ADMIN] 2020/12/18 - 00:10:31.986	[34minfo[0m	/api/v1/user	{"status": 200, "method": "GET", "path": "/api/v1/user", "query": "", "ip": "::1", "user-agent": "Mozilla/5.0 (Windows NT 10.0; Win64; x64) AppleWebKit/537.36 (KHTML, like Gecko) Chrome/86.0.4240.111 Safari/537.36", "errors": "", "cost": 0.1825121}
[NLY-GIN-ADMIN] 2020/12/18 - 00:11:25.359	[34minfo[0m	/api/v1/user	{"status": 204, "method": "OPTIONS", "path": "/api/v1/user", "query": "", "ip": "::1", "user-agent": "Mozilla/5.0 (Windows NT 10.0; Win64; x64) AppleWebKit/537.36 (KHTML, like Gecko) Chrome/86.0.4240.111 Safari/537.36", "errors": "", "cost": 0}
[NLY-GIN-ADMIN] 2020/12/18 - 00:11:25.587	[34minfo[0m	/api/v1/user	{"status": 200, "method": "GET", "path": "/api/v1/user", "query": "", "ip": "::1", "user-agent": "Mozilla/5.0 (Windows NT 10.0; Win64; x64) AppleWebKit/537.36 (KHTML, like Gecko) Chrome/86.0.4240.111 Safari/537.36", "errors": "", "cost": 0.2263949}
[NLY-GIN-ADMIN] 2020/12/18 - 00:11:25.927	[34minfo[0m	/api/v1/user	{"status": 200, "method": "GET", "path": "/api/v1/user", "query": "", "ip": "::1", "user-agent": "Mozilla/5.0 (Windows NT 10.0; Win64; x64) AppleWebKit/537.36 (KHTML, like Gecko) Chrome/86.0.4240.111 Safari/537.36", "errors": "", "cost": 0.2443452}
[NLY-GIN-ADMIN] 2020/12/18 - 00:12:02.312	[34minfo[0m	/api/v1/user	{"status": 204, "method": "OPTIONS", "path": "/api/v1/user", "query": "", "ip": "::1", "user-agent": "Mozilla/5.0 (Windows NT 10.0; Win64; x64) AppleWebKit/537.36 (KHTML, like Gecko) Chrome/86.0.4240.111 Safari/537.36", "errors": "", "cost": 0}
[NLY-GIN-ADMIN] 2020/12/18 - 00:12:02.558	[34minfo[0m	/api/v1/user	{"status": 200, "method": "GET", "path": "/api/v1/user", "query": "", "ip": "::1", "user-agent": "Mozilla/5.0 (Windows NT 10.0; Win64; x64) AppleWebKit/537.36 (KHTML, like Gecko) Chrome/86.0.4240.111 Safari/537.36", "errors": "", "cost": 0.2444754}
[NLY-GIN-ADMIN] 2020/12/18 - 00:13:20.416	[34minfo[0m	/api/v1/user	{"status": 204, "method": "OPTIONS", "path": "/api/v1/user", "query": "", "ip": "::1", "user-agent": "Mozilla/5.0 (Windows NT 10.0; Win64; x64) AppleWebKit/537.36 (KHTML, like Gecko) Chrome/86.0.4240.111 Safari/537.36", "errors": "", "cost": 0}
[NLY-GIN-ADMIN] 2020/12/18 - 00:13:20.638	[34minfo[0m	/api/v1/user	{"status": 200, "method": "GET", "path": "/api/v1/user", "query": "", "ip": "::1", "user-agent": "Mozilla/5.0 (Windows NT 10.0; Win64; x64) AppleWebKit/537.36 (KHTML, like Gecko) Chrome/86.0.4240.111 Safari/537.36", "errors": "", "cost": 0.2198797}
[NLY-GIN-ADMIN] 2020/12/18 - 00:13:21.339	[34minfo[0m	/api/v1/user	{"status": 200, "method": "GET", "path": "/api/v1/user", "query": "", "ip": "::1", "user-agent": "Mozilla/5.0 (Windows NT 10.0; Win64; x64) AppleWebKit/537.36 (KHTML, like Gecko) Chrome/86.0.4240.111 Safari/537.36", "errors": "", "cost": 0.2463405}
[NLY-GIN-ADMIN] 2020/12/18 - 00:13:43.116	[34minfo[0m	/api/v1/user	{"status": 204, "method": "OPTIONS", "path": "/api/v1/user", "query": "", "ip": "::1", "user-agent": "Mozilla/5.0 (Windows NT 10.0; Win64; x64) AppleWebKit/537.36 (KHTML, like Gecko) Chrome/86.0.4240.111 Safari/537.36", "errors": "", "cost": 0}
[NLY-GIN-ADMIN] 2020/12/18 - 00:13:43.348	[34minfo[0m	/api/v1/user	{"status": 200, "method": "GET", "path": "/api/v1/user", "query": "", "ip": "::1", "user-agent": "Mozilla/5.0 (Windows NT 10.0; Win64; x64) AppleWebKit/537.36 (KHTML, like Gecko) Chrome/86.0.4240.111 Safari/537.36", "errors": "", "cost": 0.2307411}
[NLY-GIN-ADMIN] 2020/12/18 - 00:14:31.291	[34minfo[0m	/api/v1/user	{"status": 204, "method": "OPTIONS", "path": "/api/v1/user", "query": "", "ip": "::1", "user-agent": "Mozilla/5.0 (Windows NT 10.0; Win64; x64) AppleWebKit/537.36 (KHTML, like Gecko) Chrome/86.0.4240.111 Safari/537.36", "errors": "", "cost": 0}
[NLY-GIN-ADMIN] 2020/12/18 - 00:14:31.509	[34minfo[0m	/api/v1/user	{"status": 200, "method": "GET", "path": "/api/v1/user", "query": "", "ip": "::1", "user-agent": "Mozilla/5.0 (Windows NT 10.0; Win64; x64) AppleWebKit/537.36 (KHTML, like Gecko) Chrome/86.0.4240.111 Safari/537.36", "errors": "", "cost": 0.2164237}
[NLY-GIN-ADMIN] 2020/12/18 - 00:14:31.749	[34minfo[0m	/api/v1/user	{"status": 200, "method": "GET", "path": "/api/v1/user", "query": "", "ip": "::1", "user-agent": "Mozilla/5.0 (Windows NT 10.0; Win64; x64) AppleWebKit/537.36 (KHTML, like Gecko) Chrome/86.0.4240.111 Safari/537.36", "errors": "", "cost": 0.2373618}
[NLY-GIN-ADMIN] 2020/12/18 - 00:14:44.768	[34minfo[0m	/api/v1/user	{"status": 204, "method": "OPTIONS", "path": "/api/v1/user", "query": "", "ip": "::1", "user-agent": "Mozilla/5.0 (Windows NT 10.0; Win64; x64) AppleWebKit/537.36 (KHTML, like Gecko) Chrome/86.0.4240.111 Safari/537.36", "errors": "", "cost": 0}
[NLY-GIN-ADMIN] 2020/12/18 - 00:14:45.009	[34minfo[0m	/api/v1/user	{"status": 200, "method": "GET", "path": "/api/v1/user", "query": "", "ip": "::1", "user-agent": "Mozilla/5.0 (Windows NT 10.0; Win64; x64) AppleWebKit/537.36 (KHTML, like Gecko) Chrome/86.0.4240.111 Safari/537.36", "errors": "", "cost": 0.2393599}
[NLY-GIN-ADMIN] 2020/12/18 - 00:14:45.242	[34minfo[0m	/api/v1/user	{"status": 200, "method": "GET", "path": "/api/v1/user", "query": "", "ip": "::1", "user-agent": "Mozilla/5.0 (Windows NT 10.0; Win64; x64) AppleWebKit/537.36 (KHTML, like Gecko) Chrome/86.0.4240.111 Safari/537.36", "errors": "", "cost": 0.2303831}
[NLY-GIN-ADMIN] 2020/12/18 - 00:15:16.801	[34minfo[0m	/api/v1/user	{"status": 204, "method": "OPTIONS", "path": "/api/v1/user", "query": "", "ip": "::1", "user-agent": "Mozilla/5.0 (Windows NT 10.0; Win64; x64) AppleWebKit/537.36 (KHTML, like Gecko) Chrome/86.0.4240.111 Safari/537.36", "errors": "", "cost": 0}
[NLY-GIN-ADMIN] 2020/12/18 - 00:15:17.020	[34minfo[0m	/api/v1/user	{"status": 200, "method": "GET", "path": "/api/v1/user", "query": "", "ip": "::1", "user-agent": "Mozilla/5.0 (Windows NT 10.0; Win64; x64) AppleWebKit/537.36 (KHTML, like Gecko) Chrome/86.0.4240.111 Safari/537.36", "errors": "", "cost": 0.2164288}
[NLY-GIN-ADMIN] 2020/12/18 - 00:15:17.260	[34minfo[0m	/api/v1/user	{"status": 200, "method": "GET", "path": "/api/v1/user", "query": "", "ip": "::1", "user-agent": "Mozilla/5.0 (Windows NT 10.0; Win64; x64) AppleWebKit/537.36 (KHTML, like Gecko) Chrome/86.0.4240.111 Safari/537.36", "errors": "", "cost": 0.2383598}
[NLY-GIN-ADMIN] 2020/12/18 - 00:15:32.311	[34minfo[0m	/api/v1/user	{"status": 204, "method": "OPTIONS", "path": "/api/v1/user", "query": "", "ip": "::1", "user-agent": "Mozilla/5.0 (Windows NT 10.0; Win64; x64) AppleWebKit/537.36 (KHTML, like Gecko) Chrome/86.0.4240.111 Safari/537.36", "errors": "", "cost": 0}
[NLY-GIN-ADMIN] 2020/12/18 - 00:15:32.530	[34minfo[0m	/api/v1/user	{"status": 200, "method": "GET", "path": "/api/v1/user", "query": "", "ip": "::1", "user-agent": "Mozilla/5.0 (Windows NT 10.0; Win64; x64) AppleWebKit/537.36 (KHTML, like Gecko) Chrome/86.0.4240.111 Safari/537.36", "errors": "", "cost": 0.2174157}
[NLY-GIN-ADMIN] 2020/12/18 - 00:15:45.600	[34minfo[0m	/api/v1/user	{"status": 204, "method": "OPTIONS", "path": "/api/v1/user", "query": "", "ip": "::1", "user-agent": "Mozilla/5.0 (Windows NT 10.0; Win64; x64) AppleWebKit/537.36 (KHTML, like Gecko) Chrome/86.0.4240.111 Safari/537.36", "errors": "", "cost": 0}
[NLY-GIN-ADMIN] 2020/12/18 - 00:15:45.840	[34minfo[0m	/api/v1/user	{"status": 200, "method": "GET", "path": "/api/v1/user", "query": "", "ip": "::1", "user-agent": "Mozilla/5.0 (Windows NT 10.0; Win64; x64) AppleWebKit/537.36 (KHTML, like Gecko) Chrome/86.0.4240.111 Safari/537.36", "errors": "", "cost": 0.2366994}
[NLY-GIN-ADMIN] 2020/12/18 - 21:28:36.753	[34minfo[0m	开始初始化数据库
[NLY-GIN-ADMIN] 2020/12/18 - 21:28:37.063	[34minfo[0m	postgres启动成功: 	{"hostname": "host=120.25.237.88 port=5432 user=nly dbname=nly_test_2 password=nlyadminlte sslmode=disable"}
[NLY-GIN-ADMIN] 2020/12/18 - 21:28:37.063	[34minfo[0m	开始迁移数据库
[NLY-GIN-ADMIN] 2020/12/18 - 21:28:41.505	[34minfo[0m	迁移表 User 成功
[NLY-GIN-ADMIN] 2020/12/18 - 21:28:45.003	[34minfo[0m	迁移表 Nav 成功
[NLY-GIN-ADMIN] 2020/12/18 - 21:28:45.011	[34minfo[0m	迁移数据库成功
[NLY-GIN-ADMIN] 2020/12/18 - 21:28:45.011	[34minfo[0m	开始初始化路由设置
[NLY-GIN-ADMIN] 2020/12/18 - 21:28:45.011	[34minfo[0m	使用 Zap 自定义 Logger 和 Recovery 
[NLY-GIN-ADMIN] 2020/12/18 - 21:28:45.011	[34minfo[0m	注册静态文件目录:	{"dir": "static"}
[NLY-GIN-ADMIN] 2020/12/18 - 21:28:45.011	[34minfo[0m	注册跨域中间件
[NLY-GIN-ADMIN] 2020/12/18 - 21:28:45.012	[34minfo[0m	register swagger handler
[NLY-GIN-ADMIN] 2020/12/18 - 21:28:45.012	[34minfo[0m	开始注册路由
[NLY-GIN-ADMIN] 2020/12/18 - 21:28:45.012	[34minfo[0m	全部路由注册成功
[NLY-GIN-ADMIN] 2020/12/18 - 21:28:45.012	[34minfo[0m	路由初始化成功
[NLY-GIN-ADMIN] 2020/12/18 - 21:28:45.013	[34minfo[0m	server run success on 	{"address": ":8888"}
[NLY-GIN-ADMIN] 2020/12/18 - 21:28:57.594	[34minfo[0m	/api/v1/user	{"status": 204, "method": "OPTIONS", "path": "/api/v1/user", "query": "", "ip": "::1", "user-agent": "Mozilla/5.0 (Windows NT 10.0; Win64; x64) AppleWebKit/537.36 (KHTML, like Gecko) Chrome/86.0.4240.111 Safari/537.36", "errors": "", "cost": 0}
[NLY-GIN-ADMIN] 2020/12/18 - 21:28:57.597	[34minfo[0m	/api/v1/user	{"status": 200, "method": "GET", "path": "/api/v1/user", "query": "", "ip": "::1", "user-agent": "Mozilla/5.0 (Windows NT 10.0; Win64; x64) AppleWebKit/537.36 (KHTML, like Gecko) Chrome/86.0.4240.111 Safari/537.36", "errors": "", "cost": 0.0010087}
[NLY-GIN-ADMIN] 2020/12/18 - 21:29:00.226	[34minfo[0m	/api/v1/user/login	{"status": 204, "method": "OPTIONS", "path": "/api/v1/user/login", "query": "", "ip": "::1", "user-agent": "Mozilla/5.0 (Windows NT 10.0; Win64; x64) AppleWebKit/537.36 (KHTML, like Gecko) Chrome/86.0.4240.111 Safari/537.36", "errors": "", "cost": 0}
[NLY-GIN-ADMIN] 2020/12/18 - 21:29:00.545	[34minfo[0m	/api/v1/user/login	{"status": 200, "method": "POST", "path": "/api/v1/user/login", "query": "", "ip": "::1", "user-agent": "Mozilla/5.0 (Windows NT 10.0; Win64; x64) AppleWebKit/537.36 (KHTML, like Gecko) Chrome/86.0.4240.111 Safari/537.36", "errors": "", "cost": 0.3167098}
[NLY-GIN-ADMIN] 2020/12/18 - 21:29:00.805	[34minfo[0m	/api/v1/user	{"status": 200, "method": "GET", "path": "/api/v1/user", "query": "", "ip": "::1", "user-agent": "Mozilla/5.0 (Windows NT 10.0; Win64; x64) AppleWebKit/537.36 (KHTML, like Gecko) Chrome/86.0.4240.111 Safari/537.36", "errors": "", "cost": 0.2440939}
[NLY-GIN-ADMIN] 2020/12/18 - 21:29:00.888	[34minfo[0m	/static/avatar/admin/default_avatar.png	{"status": 304, "method": "GET", "path": "/static/avatar/admin/default_avatar.png", "query": "", "ip": "::1", "user-agent": "Mozilla/5.0 (Windows NT 10.0; Win64; x64) AppleWebKit/537.36 (KHTML, like Gecko) Chrome/86.0.4240.111 Safari/537.36", "errors": "", "cost": 0.0100059}
[NLY-GIN-ADMIN] 2020/12/18 - 21:34:05.112	[34minfo[0m	/api/v1/user	{"status": 204, "method": "OPTIONS", "path": "/api/v1/user", "query": "", "ip": "::1", "user-agent": "Mozilla/5.0 (Windows NT 10.0; Win64; x64) AppleWebKit/537.36 (KHTML, like Gecko) Chrome/86.0.4240.111 Safari/537.36", "errors": "", "cost": 0}
[NLY-GIN-ADMIN] 2020/12/18 - 21:34:05.339	[34minfo[0m	/api/v1/user	{"status": 200, "method": "GET", "path": "/api/v1/user", "query": "", "ip": "::1", "user-agent": "Mozilla/5.0 (Windows NT 10.0; Win64; x64) AppleWebKit/537.36 (KHTML, like Gecko) Chrome/86.0.4240.111 Safari/537.36", "errors": "", "cost": 0.2247345}
[NLY-GIN-ADMIN] 2020/12/18 - 21:34:25.170	[34minfo[0m	/api/v1/user	{"status": 204, "method": "OPTIONS", "path": "/api/v1/user", "query": "", "ip": "::1", "user-agent": "Mozilla/5.0 (Windows NT 10.0; Win64; x64) AppleWebKit/537.36 (KHTML, like Gecko) Chrome/86.0.4240.111 Safari/537.36", "errors": "", "cost": 0}
[NLY-GIN-ADMIN] 2020/12/18 - 21:34:25.395	[34minfo[0m	/api/v1/user	{"status": 200, "method": "GET", "path": "/api/v1/user", "query": "", "ip": "::1", "user-agent": "Mozilla/5.0 (Windows NT 10.0; Win64; x64) AppleWebKit/537.36 (KHTML, like Gecko) Chrome/86.0.4240.111 Safari/537.36", "errors": "", "cost": 0.2234017}
[NLY-GIN-ADMIN] 2020/12/18 - 21:34:29.069	[34minfo[0m	/api/v1/user	{"status": 200, "method": "GET", "path": "/api/v1/user", "query": "", "ip": "::1", "user-agent": "Mozilla/5.0 (Windows NT 10.0; Win64; x64) AppleWebKit/537.36 (KHTML, like Gecko) Chrome/86.0.4240.111 Safari/537.36", "errors": "", "cost": 0.2450084}
[NLY-GIN-ADMIN] 2020/12/18 - 21:35:28.403	[34minfo[0m	/api/v1/user	{"status": 204, "method": "OPTIONS", "path": "/api/v1/user", "query": "", "ip": "::1", "user-agent": "Mozilla/5.0 (Windows NT 10.0; Win64; x64) AppleWebKit/537.36 (KHTML, like Gecko) Chrome/86.0.4240.111 Safari/537.36", "errors": "", "cost": 0}
[NLY-GIN-ADMIN] 2020/12/18 - 21:35:28.631	[34minfo[0m	/api/v1/user	{"status": 200, "method": "GET", "path": "/api/v1/user", "query": "", "ip": "::1", "user-agent": "Mozilla/5.0 (Windows NT 10.0; Win64; x64) AppleWebKit/537.36 (KHTML, like Gecko) Chrome/86.0.4240.111 Safari/537.36", "errors": "", "cost": 0.2244019}
[NLY-GIN-ADMIN] 2020/12/18 - 21:38:58.005	[34minfo[0m	/api/v1/user	{"status": 204, "method": "OPTIONS", "path": "/api/v1/user", "query": "", "ip": "::1", "user-agent": "Mozilla/5.0 (Windows NT 10.0; Win64; x64) AppleWebKit/537.36 (KHTML, like Gecko) Chrome/86.0.4240.111 Safari/537.36", "errors": "", "cost": 0}
[NLY-GIN-ADMIN] 2020/12/18 - 21:38:58.233	[34minfo[0m	/api/v1/user	{"status": 200, "method": "GET", "path": "/api/v1/user", "query": "", "ip": "::1", "user-agent": "Mozilla/5.0 (Windows NT 10.0; Win64; x64) AppleWebKit/537.36 (KHTML, like Gecko) Chrome/86.0.4240.111 Safari/537.36", "errors": "", "cost": 0.2263951}
[NLY-GIN-ADMIN] 2020/12/18 - 21:48:13.116	[34minfo[0m	/api/v1/user	{"status": 204, "method": "OPTIONS", "path": "/api/v1/user", "query": "", "ip": "::1", "user-agent": "Mozilla/5.0 (Windows NT 10.0; Win64; x64) AppleWebKit/537.36 (KHTML, like Gecko) Chrome/86.0.4240.111 Safari/537.36", "errors": "", "cost": 0}
[NLY-GIN-ADMIN] 2020/12/18 - 21:48:13.351	[34minfo[0m	/api/v1/user	{"status": 200, "method": "GET", "path": "/api/v1/user", "query": "", "ip": "::1", "user-agent": "Mozilla/5.0 (Windows NT 10.0; Win64; x64) AppleWebKit/537.36 (KHTML, like Gecko) Chrome/86.0.4240.111 Safari/537.36", "errors": "", "cost": 0.2334145}
[NLY-GIN-ADMIN] 2020/12/18 - 21:54:29.483	[34minfo[0m	/api/v1/user	{"status": 204, "method": "OPTIONS", "path": "/api/v1/user", "query": "", "ip": "::1", "user-agent": "Mozilla/5.0 (Windows NT 10.0; Win64; x64) AppleWebKit/537.36 (KHTML, like Gecko) Chrome/86.0.4240.111 Safari/537.36", "errors": "", "cost": 0}
[NLY-GIN-ADMIN] 2020/12/18 - 21:54:29.705	[34minfo[0m	/api/v1/user	{"status": 200, "method": "GET", "path": "/api/v1/user", "query": "", "ip": "::1", "user-agent": "Mozilla/5.0 (Windows NT 10.0; Win64; x64) AppleWebKit/537.36 (KHTML, like Gecko) Chrome/86.0.4240.111 Safari/537.36", "errors": "", "cost": 0.220407}
[NLY-GIN-ADMIN] 2020/12/18 - 21:56:32.143	[34minfo[0m	开始初始化数据库
[NLY-GIN-ADMIN] 2020/12/18 - 21:56:32.437	[34minfo[0m	postgres启动成功: 	{"hostname": "host=120.25.237.88 port=5432 user=nly dbname=nly_test_2 password=nlyadminlte sslmode=disable"}
[NLY-GIN-ADMIN] 2020/12/18 - 21:56:32.438	[34minfo[0m	开始迁移数据库
[NLY-GIN-ADMIN] 2020/12/18 - 21:56:35.828	[34minfo[0m	迁移表 User 成功
[NLY-GIN-ADMIN] 2020/12/18 - 21:56:38.048	[34minfo[0m	迁移表 Nav 成功
[NLY-GIN-ADMIN] 2020/12/18 - 21:56:38.048	[34minfo[0m	迁移数据库成功
[NLY-GIN-ADMIN] 2020/12/18 - 21:56:38.048	[34minfo[0m	开始初始化路由设置
[NLY-GIN-ADMIN] 2020/12/18 - 21:56:38.048	[34minfo[0m	使用 Zap 自定义 Logger 和 Recovery 
[NLY-GIN-ADMIN] 2020/12/18 - 21:56:38.048	[34minfo[0m	注册静态文件目录:	{"dir": "static"}
[NLY-GIN-ADMIN] 2020/12/18 - 21:56:38.048	[34minfo[0m	注册跨域中间件
[NLY-GIN-ADMIN] 2020/12/18 - 21:56:38.048	[34minfo[0m	register swagger handler
[NLY-GIN-ADMIN] 2020/12/18 - 21:56:38.048	[34minfo[0m	开始注册路由
[NLY-GIN-ADMIN] 2020/12/18 - 21:56:38.049	[34minfo[0m	全部路由注册成功
[NLY-GIN-ADMIN] 2020/12/18 - 21:56:38.049	[34minfo[0m	路由初始化成功
[NLY-GIN-ADMIN] 2020/12/18 - 21:56:38.050	[34minfo[0m	server run success on 	{"address": ":8888"}
[NLY-GIN-ADMIN] 2020/12/18 - 21:58:16.566	[34minfo[0m	/api/v1/user	{"status": 204, "method": "OPTIONS", "path": "/api/v1/user", "query": "", "ip": "::1", "user-agent": "Mozilla/5.0 (Windows NT 10.0; Win64; x64) AppleWebKit/537.36 (KHTML, like Gecko) Chrome/86.0.4240.111 Safari/537.36", "errors": "", "cost": 0}
[NLY-GIN-ADMIN] 2020/12/18 - 21:58:16.805	[34minfo[0m	/api/v1/user	{"status": 200, "method": "GET", "path": "/api/v1/user", "query": "", "ip": "::1", "user-agent": "Mozilla/5.0 (Windows NT 10.0; Win64; x64) AppleWebKit/537.36 (KHTML, like Gecko) Chrome/86.0.4240.111 Safari/537.36", "errors": "", "cost": 0.2353783}
[NLY-GIN-ADMIN] 2020/12/18 - 22:01:11.958	[34minfo[0m	/api/v1/user	{"status": 204, "method": "OPTIONS", "path": "/api/v1/user", "query": "", "ip": "::1", "user-agent": "Mozilla/5.0 (Windows NT 10.0; Win64; x64) AppleWebKit/537.36 (KHTML, like Gecko) Chrome/86.0.4240.111 Safari/537.36", "errors": "", "cost": 0}
[NLY-GIN-ADMIN] 2020/12/18 - 22:01:12.161	[34minfo[0m	/api/v1/user	{"status": 200, "method": "GET", "path": "/api/v1/user", "query": "", "ip": "::1", "user-agent": "Mozilla/5.0 (Windows NT 10.0; Win64; x64) AppleWebKit/537.36 (KHTML, like Gecko) Chrome/86.0.4240.111 Safari/537.36", "errors": "", "cost": 0.2024583}
[NLY-GIN-ADMIN] 2020/12/18 - 22:02:24.822	[34minfo[0m	/api/v1/user	{"status": 204, "method": "OPTIONS", "path": "/api/v1/user", "query": "", "ip": "::1", "user-agent": "Mozilla/5.0 (Windows NT 10.0; Win64; x64) AppleWebKit/537.36 (KHTML, like Gecko) Chrome/86.0.4240.111 Safari/537.36", "errors": "", "cost": 0.0009973}
[NLY-GIN-ADMIN] 2020/12/18 - 22:02:25.022	[34minfo[0m	/api/v1/user	{"status": 200, "method": "GET", "path": "/api/v1/user", "query": "", "ip": "::1", "user-agent": "Mozilla/5.0 (Windows NT 10.0; Win64; x64) AppleWebKit/537.36 (KHTML, like Gecko) Chrome/86.0.4240.111 Safari/537.36", "errors": "", "cost": 0.1994652}
[NLY-GIN-ADMIN] 2020/12/18 - 22:02:25.237	[34minfo[0m	/api/v1/user/list	{"status": 204, "method": "OPTIONS", "path": "/api/v1/user/list", "query": "size=10&page=1&username__icontains=&user_phone__icontains=&user_email__icontains=", "ip": "::1", "user-agent": "Mozilla/5.0 (Windows NT 10.0; Win64; x64) AppleWebKit/537.36 (KHTML, like Gecko) Chrome/86.0.4240.111 Safari/537.36", "errors": "", "cost": 0}
[NLY-GIN-ADMIN] 2020/12/18 - 22:02:25.382	[34minfo[0m	/api/v1/user/list	{"status": 200, "method": "GET", "path": "/api/v1/user/list", "query": "size=10&page=1&username__icontains=&user_phone__icontains=&user_email__icontains=", "ip": "::1", "user-agent": "Mozilla/5.0 (Windows NT 10.0; Win64; x64) AppleWebKit/537.36 (KHTML, like Gecko) Chrome/86.0.4240.111 Safari/537.36", "errors": "", "cost": 0.143651}
[NLY-GIN-ADMIN] 2020/12/18 - 22:03:19.440	[34minfo[0m	/api/v1/user	{"status": 204, "method": "OPTIONS", "path": "/api/v1/user", "query": "", "ip": "::1", "user-agent": "Mozilla/5.0 (Windows NT 10.0; Win64; x64) AppleWebKit/537.36 (KHTML, like Gecko) Chrome/86.0.4240.111 Safari/537.36", "errors": "", "cost": 0}
[NLY-GIN-ADMIN] 2020/12/18 - 22:03:19.607	[34minfo[0m	/api/v1/user	{"status": 200, "method": "GET", "path": "/api/v1/user", "query": "", "ip": "::1", "user-agent": "Mozilla/5.0 (Windows NT 10.0; Win64; x64) AppleWebKit/537.36 (KHTML, like Gecko) Chrome/86.0.4240.111 Safari/537.36", "errors": "", "cost": 0.1655594}
[NLY-GIN-ADMIN] 2020/12/18 - 22:03:19.920	[34minfo[0m	/api/v1/user/list	{"status": 204, "method": "OPTIONS", "path": "/api/v1/user/list", "query": "size=10&page=1&username__icontains=&user_phone__icontains=&user_email__icontains=", "ip": "::1", "user-agent": "Mozilla/5.0 (Windows NT 10.0; Win64; x64) AppleWebKit/537.36 (KHTML, like Gecko) Chrome/86.0.4240.111 Safari/537.36", "errors": "", "cost": 0}
[NLY-GIN-ADMIN] 2020/12/18 - 22:03:20.113	[34minfo[0m	/api/v1/user/list	{"status": 200, "method": "GET", "path": "/api/v1/user/list", "query": "size=10&page=1&username__icontains=&user_phone__icontains=&user_email__icontains=", "ip": "::1", "user-agent": "Mozilla/5.0 (Windows NT 10.0; Win64; x64) AppleWebKit/537.36 (KHTML, like Gecko) Chrome/86.0.4240.111 Safari/537.36", "errors": "", "cost": 0.1914992}
[NLY-GIN-ADMIN] 2020/12/18 - 22:04:30.837	[34minfo[0m	/api/v1/user	{"status": 204, "method": "OPTIONS", "path": "/api/v1/user", "query": "", "ip": "::1", "user-agent": "Mozilla/5.0 (Windows NT 10.0; Win64; x64) AppleWebKit/537.36 (KHTML, like Gecko) Chrome/86.0.4240.111 Safari/537.36", "errors": "", "cost": 0}
[NLY-GIN-ADMIN] 2020/12/18 - 22:04:31.053	[34minfo[0m	/api/v1/user	{"status": 200, "method": "GET", "path": "/api/v1/user", "query": "", "ip": "::1", "user-agent": "Mozilla/5.0 (Windows NT 10.0; Win64; x64) AppleWebKit/537.36 (KHTML, like Gecko) Chrome/86.0.4240.111 Safari/537.36", "errors": "", "cost": 0.2144297}
[NLY-GIN-ADMIN] 2020/12/18 - 22:04:31.289	[34minfo[0m	/api/v1/user/list	{"status": 204, "method": "OPTIONS", "path": "/api/v1/user/list", "query": "size=10&page=1&username__icontains=&user_phone__icontains=&user_email__icontains=", "ip": "::1", "user-agent": "Mozilla/5.0 (Windows NT 10.0; Win64; x64) AppleWebKit/537.36 (KHTML, like Gecko) Chrome/86.0.4240.111 Safari/537.36", "errors": "", "cost": 0}
[NLY-GIN-ADMIN] 2020/12/18 - 22:04:31.526	[34minfo[0m	/api/v1/user/list	{"status": 200, "method": "GET", "path": "/api/v1/user/list", "query": "size=10&page=1&username__icontains=&user_phone__icontains=&user_email__icontains=", "ip": "::1", "user-agent": "Mozilla/5.0 (Windows NT 10.0; Win64; x64) AppleWebKit/537.36 (KHTML, like Gecko) Chrome/86.0.4240.111 Safari/537.36", "errors": "", "cost": 0.2355448}
