[NLY-GIN-ADMIN] 2020/11/04 - 00:01:46.057	[34minfo[0m	开始初始化数据库
[NLY-GIN-ADMIN] 2020/11/04 - 00:01:46.516	[34minfo[0m	postgres启动成功: 	{"hostname": "host=120.25.237.88 port=5432 user=nly dbname=nly_test_2 password=nlyadminlte sslmode=disable"}
[NLY-GIN-ADMIN] 2020/11/04 - 00:01:46.517	[34minfo[0m	开始迁移数据库
[NLY-GIN-ADMIN] 2020/11/04 - 00:01:48.318	[34minfo[0m	迁移表 User 成功
[NLY-GIN-ADMIN] 2020/11/04 - 00:01:48.318	[34minfo[0m	迁移数据库成功
[NLY-GIN-ADMIN] 2020/11/04 - 00:01:48.318	[34minfo[0m	开始初始化路由设置
[NLY-GIN-ADMIN] 2020/11/04 - 00:01:48.318	[34minfo[0m	使用 Zap 自定义 Logger 和 Recovery 
[NLY-GIN-ADMIN] 2020/11/04 - 00:01:48.321	[34minfo[0m	注册跨域中间件
[NLY-GIN-ADMIN] 2020/11/04 - 00:01:48.321	[34minfo[0m	register swagger handler
[NLY-GIN-ADMIN] 2020/11/04 - 00:01:48.322	[34minfo[0m	开始注册路由
[NLY-GIN-ADMIN] 2020/11/04 - 00:01:48.322	[34minfo[0m	全部路由注册成功
[NLY-GIN-ADMIN] 2020/11/04 - 00:01:48.322	[34minfo[0m	路由初始化成功
[NLY-GIN-ADMIN] 2020/11/04 - 00:01:48.323	[34minfo[0m	server run success on 	{"address": ":8888"}
[NLY-GIN-ADMIN] 2020/11/04 - 00:01:52.642	[34minfo[0m	/swagger/index.html	{"status": 200, "method": "GET", "path": "/swagger/index.html", "query": "", "ip": "::1", "user-agent": "Mozilla/5.0 (Windows NT 10.0; Win64; x64) AppleWebKit/537.36 (KHTML, like Gecko) Chrome/86.0.4240.111 Safari/537.36", "errors": "", "cost": 0.0009981}
[NLY-GIN-ADMIN] 2020/11/04 - 00:01:52.723	[34minfo[0m	/swagger/swagger-ui.css	{"status": 200, "method": "GET", "path": "/swagger/swagger-ui.css", "query": "", "ip": "::1", "user-agent": "Mozilla/5.0 (Windows NT 10.0; Win64; x64) AppleWebKit/537.36 (KHTML, like Gecko) Chrome/86.0.4240.111 Safari/537.36", "errors": "", "cost": 0}
[NLY-GIN-ADMIN] 2020/11/04 - 00:01:52.726	[34minfo[0m	/swagger/swagger-ui-standalone-preset.js	{"status": 200, "method": "GET", "path": "/swagger/swagger-ui-standalone-preset.js", "query": "", "ip": "::1", "user-agent": "Mozilla/5.0 (Windows NT 10.0; Win64; x64) AppleWebKit/537.36 (KHTML, like Gecko) Chrome/86.0.4240.111 Safari/537.36", "errors": "", "cost": 0.0009974}
[NLY-GIN-ADMIN] 2020/11/04 - 00:01:52.728	[34minfo[0m	/swagger/swagger-ui-bundle.js	{"status": 200, "method": "GET", "path": "/swagger/swagger-ui-bundle.js", "query": "", "ip": "::1", "user-agent": "Mozilla/5.0 (Windows NT 10.0; Win64; x64) AppleWebKit/537.36 (KHTML, like Gecko) Chrome/86.0.4240.111 Safari/537.36", "errors": "", "cost": 0.002993}
[NLY-GIN-ADMIN] 2020/11/04 - 00:01:53.000	[34minfo[0m	/swagger/doc.json	{"status": 200, "method": "GET", "path": "/swagger/doc.json", "query": "", "ip": "::1", "user-agent": "Mozilla/5.0 (Windows NT 10.0; Win64; x64) AppleWebKit/537.36 (KHTML, like Gecko) Chrome/86.0.4240.111 Safari/537.36", "errors": "", "cost": 0.0009984}
[NLY-GIN-ADMIN] 2020/11/04 - 00:01:58.258	[34minfo[0m	/swagger/index.html	{"status": 200, "method": "GET", "path": "/swagger/index.html", "query": "", "ip": "::1", "user-agent": "Mozilla/5.0 (Windows NT 10.0; Win64; x64) AppleWebKit/537.36 (KHTML, like Gecko) Chrome/86.0.4240.111 Safari/537.36", "errors": "", "cost": 0}
[NLY-GIN-ADMIN] 2020/11/04 - 00:01:58.286	[34minfo[0m	/swagger/swagger-ui.css	{"status": 304, "method": "GET", "path": "/swagger/swagger-ui.css", "query": "", "ip": "::1", "user-agent": "Mozilla/5.0 (Windows NT 10.0; Win64; x64) AppleWebKit/537.36 (KHTML, like Gecko) Chrome/86.0.4240.111 Safari/537.36", "errors": "", "cost": 0}
[NLY-GIN-ADMIN] 2020/11/04 - 00:01:58.286	[34minfo[0m	/swagger/swagger-ui-bundle.js	{"status": 304, "method": "GET", "path": "/swagger/swagger-ui-bundle.js", "query": "", "ip": "::1", "user-agent": "Mozilla/5.0 (Windows NT 10.0; Win64; x64) AppleWebKit/537.36 (KHTML, like Gecko) Chrome/86.0.4240.111 Safari/537.36", "errors": "", "cost": 0}
[NLY-GIN-ADMIN] 2020/11/04 - 00:01:58.287	[34minfo[0m	/swagger/swagger-ui-standalone-preset.js	{"status": 304, "method": "GET", "path": "/swagger/swagger-ui-standalone-preset.js", "query": "", "ip": "::1", "user-agent": "Mozilla/5.0 (Windows NT 10.0; Win64; x64) AppleWebKit/537.36 (KHTML, like Gecko) Chrome/86.0.4240.111 Safari/537.36", "errors": "", "cost": 0.0009961}
[NLY-GIN-ADMIN] 2020/11/04 - 00:01:58.423	[34minfo[0m	/swagger/doc.json	{"status": 200, "method": "GET", "path": "/swagger/doc.json", "query": "", "ip": "::1", "user-agent": "Mozilla/5.0 (Windows NT 10.0; Win64; x64) AppleWebKit/537.36 (KHTML, like Gecko) Chrome/86.0.4240.111 Safari/537.36", "errors": "", "cost": 0.0009981}
[NLY-GIN-ADMIN] 2020/11/04 - 00:01:58.600	[34minfo[0m	/swagger/favicon-32x32.png	{"status": 200, "method": "GET", "path": "/swagger/favicon-32x32.png", "query": "", "ip": "::1", "user-agent": "Mozilla/5.0 (Windows NT 10.0; Win64; x64) AppleWebKit/537.36 (KHTML, like Gecko) Chrome/86.0.4240.111 Safari/537.36", "errors": "", "cost": 0.1720573}
[NLY-GIN-ADMIN] 2020/11/04 - 00:02:03.385	[34minfo[0m	/swagger/swagger-ui.css	{"status": 304, "method": "GET", "path": "/swagger/swagger-ui.css", "query": "", "ip": "::1", "user-agent": "Mozilla/5.0 (Windows NT 10.0; Win64; x64) AppleWebKit/537.36 (KHTML, like Gecko) Chrome/86.0.4240.111 Safari/537.36", "errors": "", "cost": 0}
[NLY-GIN-ADMIN] 2020/11/04 - 00:02:03.462	[34minfo[0m	/swagger/swagger-ui-standalone-preset.js.map	{"status": 200, "method": "GET", "path": "/swagger/swagger-ui-standalone-preset.js.map", "query": "", "ip": "::1", "user-agent": "Mozilla/5.0 (Windows NT 10.0; Win64; x64) AppleWebKit/537.36 (KHTML, like Gecko) Chrome/86.0.4240.111 Safari/537.36", "errors": "", "cost": 0.005972}
[NLY-GIN-ADMIN] 2020/11/04 - 00:02:03.520	[34minfo[0m	/swagger/swagger-ui.css.map	{"status": 200, "method": "GET", "path": "/swagger/swagger-ui.css.map", "query": "", "ip": "::1", "user-agent": "Mozilla/5.0 (Windows NT 10.0; Win64; x64) AppleWebKit/537.36 (KHTML, like Gecko) Chrome/86.0.4240.111 Safari/537.36", "errors": "", "cost": 0}
[NLY-GIN-ADMIN] 2020/11/04 - 00:02:03.651	[34minfo[0m	/swagger/swagger-ui-bundle.js.map	{"status": 200, "method": "GET", "path": "/swagger/swagger-ui-bundle.js.map", "query": "", "ip": "::1", "user-agent": "Mozilla/5.0 (Windows NT 10.0; Win64; x64) AppleWebKit/537.36 (KHTML, like Gecko) Chrome/86.0.4240.111 Safari/537.36", "errors": "", "cost": 0.197473}
[NLY-GIN-ADMIN] 2020/11/04 - 00:02:28.798	[34minfo[0m	/favicon.ico	{"status": 404, "method": "GET", "path": "/favicon.ico", "query": "", "ip": "::1", "user-agent": "Mozilla/5.0 (Windows NT 10.0; WOW64) AppleWebKit/537.36 (KHTML, like Gecko) Chrome/78.0.3904.108 Safari/537.36", "errors": "", "cost": 0}
[NLY-GIN-ADMIN] 2020/11/04 - 00:02:29.157	[34minfo[0m	/swagger/index.html、	{"status": 200, "method": "GET", "path": "/swagger/index.html、", "query": "", "ip": "::1", "user-agent": "Mozilla/5.0 (Windows NT 10.0; WOW64) AppleWebKit/537.36 (KHTML, like Gecko) Chrome/78.0.3904.108 Safari/537.36", "errors": "", "cost": 0}
[NLY-GIN-ADMIN] 2020/11/04 - 00:02:29.496	[34minfo[0m	/swagger/swagger-ui.css	{"status": 200, "method": "GET", "path": "/swagger/swagger-ui.css", "query": "", "ip": "::1", "user-agent": "Mozilla/5.0 (Windows NT 10.0; WOW64) AppleWebKit/537.36 (KHTML, like Gecko) Chrome/78.0.3904.108 Safari/537.36", "errors": "", "cost": 0}
[NLY-GIN-ADMIN] 2020/11/04 - 00:02:29.499	[34minfo[0m	/swagger/swagger-ui-standalone-preset.js	{"status": 200, "method": "GET", "path": "/swagger/swagger-ui-standalone-preset.js", "query": "", "ip": "::1", "user-agent": "Mozilla/5.0 (Windows NT 10.0; WOW64) AppleWebKit/537.36 (KHTML, like Gecko) Chrome/78.0.3904.108 Safari/537.36", "errors": "", "cost": 0.0009984}
[NLY-GIN-ADMIN] 2020/11/04 - 00:02:29.501	[34minfo[0m	/swagger/swagger-ui-bundle.js	{"status": 200, "method": "GET", "path": "/swagger/swagger-ui-bundle.js", "query": "", "ip": "::1", "user-agent": "Mozilla/5.0 (Windows NT 10.0; WOW64) AppleWebKit/537.36 (KHTML, like Gecko) Chrome/78.0.3904.108 Safari/537.36", "errors": "", "cost": 0.004988}
[NLY-GIN-ADMIN] 2020/11/04 - 00:02:30.252	[34minfo[0m	/swagger/doc.json	{"status": 200, "method": "GET", "path": "/swagger/doc.json", "query": "", "ip": "::1", "user-agent": "Mozilla/5.0 (Windows NT 10.0; WOW64) AppleWebKit/537.36 (KHTML, like Gecko) Chrome/78.0.3904.108 Safari/537.36", "errors": "", "cost": 0}
[NLY-GIN-ADMIN] 2020/11/04 - 00:02:30.394	[34minfo[0m	/swagger/favicon-16x16.png	{"status": 200, "method": "GET", "path": "/swagger/favicon-16x16.png", "query": "", "ip": "::1", "user-agent": "Mozilla/5.0 (Windows NT 10.0; WOW64) AppleWebKit/537.36 (KHTML, like Gecko) Chrome/78.0.3904.108 Safari/537.36", "errors": "", "cost": 0}
[NLY-GIN-ADMIN] 2020/11/04 - 00:02:31.318	[34minfo[0m	/favicon.ico	{"status": 404, "method": "GET", "path": "/favicon.ico", "query": "", "ip": "::1", "user-agent": "Mozilla/5.0 (Windows NT 10.0; WOW64) AppleWebKit/537.36 (KHTML, like Gecko) Chrome/78.0.3904.108 Safari/537.36", "errors": "", "cost": 0}
[NLY-GIN-ADMIN] 2020/11/04 - 00:02:31.910	[34minfo[0m	/favicon.ico	{"status": 404, "method": "GET", "path": "/favicon.ico", "query": "", "ip": "::1", "user-agent": "Mozilla/5.0 (Windows NT 10.0; WOW64) AppleWebKit/537.36 (KHTML, like Gecko) Chrome/78.0.3904.108 Safari/537.36", "errors": "", "cost": 0}
[NLY-GIN-ADMIN] 2020/11/04 - 00:02:31.964	[34minfo[0m	/swagger/index.html	{"status": 200, "method": "GET", "path": "/swagger/index.html", "query": "", "ip": "::1", "user-agent": "Mozilla/5.0 (Windows NT 10.0; WOW64) AppleWebKit/537.36 (KHTML, like Gecko) Chrome/78.0.3904.108 Safari/537.36", "errors": "", "cost": 0}
[NLY-GIN-ADMIN] 2020/11/04 - 00:02:32.097	[34minfo[0m	/swagger/doc.json	{"status": 200, "method": "GET", "path": "/swagger/doc.json", "query": "", "ip": "::1", "user-agent": "Mozilla/5.0 (Windows NT 10.0; WOW64) AppleWebKit/537.36 (KHTML, like Gecko) Chrome/78.0.3904.108 Safari/537.36", "errors": "", "cost": 0}
[NLY-GIN-ADMIN] 2020/11/04 - 00:02:35.878	[34minfo[0m	/favicon.ico	{"status": 404, "method": "GET", "path": "/favicon.ico", "query": "", "ip": "::1", "user-agent": "Mozilla/5.0 (Windows NT 10.0; WOW64) AppleWebKit/537.36 (KHTML, like Gecko) Chrome/78.0.3904.108 Safari/537.36", "errors": "", "cost": 0}
[NLY-GIN-ADMIN] 2020/11/04 - 00:02:36.480	[34minfo[0m	/favicon.ico	{"status": 404, "method": "GET", "path": "/favicon.ico", "query": "", "ip": "::1", "user-agent": "Mozilla/5.0 (Windows NT 10.0; WOW64) AppleWebKit/537.36 (KHTML, like Gecko) Chrome/78.0.3904.108 Safari/537.36", "errors": "", "cost": 0}
[NLY-GIN-ADMIN] 2020/11/04 - 00:02:37.080	[34minfo[0m	/favicon.ico	{"status": 404, "method": "GET", "path": "/favicon.ico", "query": "", "ip": "::1", "user-agent": "Mozilla/5.0 (Windows NT 10.0; WOW64) AppleWebKit/537.36 (KHTML, like Gecko) Chrome/78.0.3904.108 Safari/537.36", "errors": "", "cost": 0}
[NLY-GIN-ADMIN] 2020/11/04 - 00:02:37.697	[34minfo[0m	/favicon.ico	{"status": 404, "method": "GET", "path": "/favicon.ico", "query": "", "ip": "::1", "user-agent": "Mozilla/5.0 (Windows NT 10.0; WOW64) AppleWebKit/537.36 (KHTML, like Gecko) Chrome/78.0.3904.108 Safari/537.36", "errors": "", "cost": 0}
[NLY-GIN-ADMIN] 2020/11/04 - 00:02:37.859	[34minfo[0m	/swagger/user	{"status": 404, "method": "GET", "path": "/swagger/user", "query": "", "ip": "::1", "user-agent": "Mozilla/5.0 (Windows NT 10.0; WOW64) AppleWebKit/537.36 (KHTML, like Gecko) Chrome/78.0.3904.108 Safari/537.36", "errors": "", "cost": 0}
[NLY-GIN-ADMIN] 2020/11/04 - 00:02:37.915	[34minfo[0m	/favicon.ico	{"status": 404, "method": "GET", "path": "/favicon.ico", "query": "", "ip": "::1", "user-agent": "Mozilla/5.0 (Windows NT 10.0; WOW64) AppleWebKit/537.36 (KHTML, like Gecko) Chrome/78.0.3904.108 Safari/537.36", "errors": "", "cost": 0}
[NLY-GIN-ADMIN] 2020/11/04 - 00:02:47.041	[34minfo[0m	/swagger/index.html	{"status": 200, "method": "GET", "path": "/swagger/index.html", "query": "", "ip": "::1", "user-agent": "Mozilla/5.0 (Windows NT 10.0; WOW64) AppleWebKit/537.36 (KHTML, like Gecko) Chrome/78.0.3904.108 Safari/537.36", "errors": "", "cost": 0}
[NLY-GIN-ADMIN] 2020/11/04 - 00:02:47.065	[34minfo[0m	/swagger/swagger-ui.css	{"status": 304, "method": "GET", "path": "/swagger/swagger-ui.css", "query": "", "ip": "::1", "user-agent": "Mozilla/5.0 (Windows NT 10.0; WOW64) AppleWebKit/537.36 (KHTML, like Gecko) Chrome/78.0.3904.108 Safari/537.36", "errors": "", "cost": 0}
[NLY-GIN-ADMIN] 2020/11/04 - 00:02:47.066	[34minfo[0m	/swagger/swagger-ui-bundle.js	{"status": 304, "method": "GET", "path": "/swagger/swagger-ui-bundle.js", "query": "", "ip": "::1", "user-agent": "Mozilla/5.0 (Windows NT 10.0; WOW64) AppleWebKit/537.36 (KHTML, like Gecko) Chrome/78.0.3904.108 Safari/537.36", "errors": "", "cost": 0}
[NLY-GIN-ADMIN] 2020/11/04 - 00:02:47.068	[34minfo[0m	/swagger/swagger-ui-standalone-preset.js	{"status": 304, "method": "GET", "path": "/swagger/swagger-ui-standalone-preset.js", "query": "", "ip": "::1", "user-agent": "Mozilla/5.0 (Windows NT 10.0; WOW64) AppleWebKit/537.36 (KHTML, like Gecko) Chrome/78.0.3904.108 Safari/537.36", "errors": "", "cost": 0.0009976}
[NLY-GIN-ADMIN] 2020/11/04 - 00:02:47.135	[34minfo[0m	/swagger/doc.json	{"status": 200, "method": "GET", "path": "/swagger/doc.json", "query": "", "ip": "::1", "user-agent": "Mozilla/5.0 (Windows NT 10.0; WOW64) AppleWebKit/537.36 (KHTML, like Gecko) Chrome/78.0.3904.108 Safari/537.36", "errors": "", "cost": 0}
[NLY-GIN-ADMIN] 2020/11/04 - 00:02:47.183	[34minfo[0m	/swagger/favicon-16x16.png	{"status": 200, "method": "GET", "path": "/swagger/favicon-16x16.png", "query": "", "ip": "::1", "user-agent": "Mozilla/5.0 (Windows NT 10.0; WOW64) AppleWebKit/537.36 (KHTML, like Gecko) Chrome/78.0.3904.108 Safari/537.36", "errors": "", "cost": 0}
[NLY-GIN-ADMIN] 2020/11/04 - 00:03:10.242	[34minfo[0m	/favicon.ico	{"status": 404, "method": "GET", "path": "/favicon.ico", "query": "", "ip": "::1", "user-agent": "Mozilla/5.0 (Windows NT 10.0; WOW64) AppleWebKit/537.36 (KHTML, like Gecko) Chrome/78.0.3904.108 Safari/537.36", "errors": "", "cost": 0}
[NLY-GIN-ADMIN] 2020/11/04 - 00:03:10.848	[34minfo[0m	/favicon.ico	{"status": 404, "method": "GET", "path": "/favicon.ico", "query": "", "ip": "::1", "user-agent": "Mozilla/5.0 (Windows NT 10.0; WOW64) AppleWebKit/537.36 (KHTML, like Gecko) Chrome/78.0.3904.108 Safari/537.36", "errors": "", "cost": 0}
[NLY-GIN-ADMIN] 2020/11/04 - 00:03:11.464	[34minfo[0m	/favicon.ico	{"status": 404, "method": "GET", "path": "/favicon.ico", "query": "", "ip": "::1", "user-agent": "Mozilla/5.0 (Windows NT 10.0; WOW64) AppleWebKit/537.36 (KHTML, like Gecko) Chrome/78.0.3904.108 Safari/537.36", "errors": "", "cost": 0}
[NLY-GIN-ADMIN] 2020/11/04 - 00:03:12.065	[34minfo[0m	/favicon.ico	{"status": 404, "method": "GET", "path": "/favicon.ico", "query": "", "ip": "::1", "user-agent": "Mozilla/5.0 (Windows NT 10.0; WOW64) AppleWebKit/537.36 (KHTML, like Gecko) Chrome/78.0.3904.108 Safari/537.36", "errors": "", "cost": 0}
[NLY-GIN-ADMIN] 2020/11/04 - 00:03:12.682	[34minfo[0m	/favicon.ico	{"status": 404, "method": "GET", "path": "/favicon.ico", "query": "", "ip": "::1", "user-agent": "Mozilla/5.0 (Windows NT 10.0; WOW64) AppleWebKit/537.36 (KHTML, like Gecko) Chrome/78.0.3904.108 Safari/537.36", "errors": "", "cost": 0}
[NLY-GIN-ADMIN] 2020/11/04 - 00:03:13.299	[34minfo[0m	/favicon.ico	{"status": 404, "method": "GET", "path": "/favicon.ico", "query": "", "ip": "::1", "user-agent": "Mozilla/5.0 (Windows NT 10.0; WOW64) AppleWebKit/537.36 (KHTML, like Gecko) Chrome/78.0.3904.108 Safari/537.36", "errors": "", "cost": 0}
[NLY-GIN-ADMIN] 2020/11/04 - 00:03:13.900	[34minfo[0m	/favicon.ico	{"status": 404, "method": "GET", "path": "/favicon.ico", "query": "", "ip": "::1", "user-agent": "Mozilla/5.0 (Windows NT 10.0; WOW64) AppleWebKit/537.36 (KHTML, like Gecko) Chrome/78.0.3904.108 Safari/537.36", "errors": "", "cost": 0}
[NLY-GIN-ADMIN] 2020/11/04 - 00:03:14.500	[34minfo[0m	/favicon.ico	{"status": 404, "method": "GET", "path": "/favicon.ico", "query": "", "ip": "::1", "user-agent": "Mozilla/5.0 (Windows NT 10.0; WOW64) AppleWebKit/537.36 (KHTML, like Gecko) Chrome/78.0.3904.108 Safari/537.36", "errors": "", "cost": 0.0009499}
[NLY-GIN-ADMIN] 2020/11/04 - 00:03:15.117	[34minfo[0m	/favicon.ico	{"status": 404, "method": "GET", "path": "/favicon.ico", "query": "", "ip": "::1", "user-agent": "Mozilla/5.0 (Windows NT 10.0; WOW64) AppleWebKit/537.36 (KHTML, like Gecko) Chrome/78.0.3904.108 Safari/537.36", "errors": "", "cost": 0}
[NLY-GIN-ADMIN] 2020/11/04 - 00:03:15.735	[34minfo[0m	/favicon.ico	{"status": 404, "method": "GET", "path": "/favicon.ico", "query": "", "ip": "::1", "user-agent": "Mozilla/5.0 (Windows NT 10.0; WOW64) AppleWebKit/537.36 (KHTML, like Gecko) Chrome/78.0.3904.108 Safari/537.36", "errors": "", "cost": 0}
[NLY-GIN-ADMIN] 2020/11/04 - 00:03:16.352	[34minfo[0m	/favicon.ico	{"status": 404, "method": "GET", "path": "/favicon.ico", "query": "", "ip": "::1", "user-agent": "Mozilla/5.0 (Windows NT 10.0; WOW64) AppleWebKit/537.36 (KHTML, like Gecko) Chrome/78.0.3904.108 Safari/537.36", "errors": "", "cost": 0}
[NLY-GIN-ADMIN] 2020/11/04 - 00:03:16.970	[34minfo[0m	/favicon.ico	{"status": 404, "method": "GET", "path": "/favicon.ico", "query": "", "ip": "::1", "user-agent": "Mozilla/5.0 (Windows NT 10.0; WOW64) AppleWebKit/537.36 (KHTML, like Gecko) Chrome/78.0.3904.108 Safari/537.36", "errors": "", "cost": 0}
[NLY-GIN-ADMIN] 2020/11/04 - 00:03:17.587	[34minfo[0m	/favicon.ico	{"status": 404, "method": "GET", "path": "/favicon.ico", "query": "", "ip": "::1", "user-agent": "Mozilla/5.0 (Windows NT 10.0; WOW64) AppleWebKit/537.36 (KHTML, like Gecko) Chrome/78.0.3904.108 Safari/537.36", "errors": "", "cost": 0}
[NLY-GIN-ADMIN] 2020/11/04 - 00:03:18.204	[34minfo[0m	/favicon.ico	{"status": 404, "method": "GET", "path": "/favicon.ico", "query": "", "ip": "::1", "user-agent": "Mozilla/5.0 (Windows NT 10.0; WOW64) AppleWebKit/537.36 (KHTML, like Gecko) Chrome/78.0.3904.108 Safari/537.36", "errors": "", "cost": 0}
[NLY-GIN-ADMIN] 2020/11/04 - 00:03:18.804	[34minfo[0m	/favicon.ico	{"status": 404, "method": "GET", "path": "/favicon.ico", "query": "", "ip": "::1", "user-agent": "Mozilla/5.0 (Windows NT 10.0; WOW64) AppleWebKit/537.36 (KHTML, like Gecko) Chrome/78.0.3904.108 Safari/537.36", "errors": "", "cost": 0}
[NLY-GIN-ADMIN] 2020/11/04 - 00:03:19.422	[34minfo[0m	/favicon.ico	{"status": 404, "method": "GET", "path": "/favicon.ico", "query": "", "ip": "::1", "user-agent": "Mozilla/5.0 (Windows NT 10.0; WOW64) AppleWebKit/537.36 (KHTML, like Gecko) Chrome/78.0.3904.108 Safari/537.36", "errors": "", "cost": 0}
[NLY-GIN-ADMIN] 2020/11/04 - 00:03:20.021	[34minfo[0m	/favicon.ico	{"status": 404, "method": "GET", "path": "/favicon.ico", "query": "", "ip": "::1", "user-agent": "Mozilla/5.0 (Windows NT 10.0; WOW64) AppleWebKit/537.36 (KHTML, like Gecko) Chrome/78.0.3904.108 Safari/537.36", "errors": "", "cost": 0}
[NLY-GIN-ADMIN] 2020/11/04 - 00:03:20.622	[34minfo[0m	/favicon.ico	{"status": 404, "method": "GET", "path": "/favicon.ico", "query": "", "ip": "::1", "user-agent": "Mozilla/5.0 (Windows NT 10.0; WOW64) AppleWebKit/537.36 (KHTML, like Gecko) Chrome/78.0.3904.108 Safari/537.36", "errors": "", "cost": 0}
[NLY-GIN-ADMIN] 2020/11/04 - 00:03:21.080	[34minfo[0m	/user、get_user_list	{"status": 404, "method": "GET", "path": "/user、get_user_list", "query": "", "ip": "::1", "user-agent": "Mozilla/5.0 (Windows NT 10.0; WOW64) AppleWebKit/537.36 (KHTML, like Gecko) Chrome/78.0.3904.108 Safari/537.36", "errors": "", "cost": 0}
[NLY-GIN-ADMIN] 2020/11/04 - 00:03:23.163	[34minfo[0m	/favicon.ico	{"status": 404, "method": "GET", "path": "/favicon.ico", "query": "", "ip": "::1", "user-agent": "Mozilla/5.0 (Windows NT 10.0; WOW64) AppleWebKit/537.36 (KHTML, like Gecko) Chrome/78.0.3904.108 Safari/537.36", "errors": "", "cost": 0}
[NLY-GIN-ADMIN] 2020/11/04 - 00:03:23.776	[34minfo[0m	/favicon.ico	{"status": 404, "method": "GET", "path": "/favicon.ico", "query": "", "ip": "::1", "user-agent": "Mozilla/5.0 (Windows NT 10.0; WOW64) AppleWebKit/537.36 (KHTML, like Gecko) Chrome/78.0.3904.108 Safari/537.36", "errors": "", "cost": 0}
[NLY-GIN-ADMIN] 2020/11/04 - 00:03:24.377	[34minfo[0m	/favicon.ico	{"status": 404, "method": "GET", "path": "/favicon.ico", "query": "", "ip": "::1", "user-agent": "Mozilla/5.0 (Windows NT 10.0; WOW64) AppleWebKit/537.36 (KHTML, like Gecko) Chrome/78.0.3904.108 Safari/537.36", "errors": "", "cost": 0}
[NLY-GIN-ADMIN] 2020/11/04 - 00:03:24.994	[34minfo[0m	/favicon.ico	{"status": 404, "method": "GET", "path": "/favicon.ico", "query": "", "ip": "::1", "user-agent": "Mozilla/5.0 (Windows NT 10.0; WOW64) AppleWebKit/537.36 (KHTML, like Gecko) Chrome/78.0.3904.108 Safari/537.36", "errors": "", "cost": 0}
[NLY-GIN-ADMIN] 2020/11/04 - 00:03:25.593	[34minfo[0m	/favicon.ico	{"status": 404, "method": "GET", "path": "/favicon.ico", "query": "", "ip": "::1", "user-agent": "Mozilla/5.0 (Windows NT 10.0; WOW64) AppleWebKit/537.36 (KHTML, like Gecko) Chrome/78.0.3904.108 Safari/537.36", "errors": "", "cost": 0}
[NLY-GIN-ADMIN] 2020/11/04 - 00:03:26.196	[34minfo[0m	/favicon.ico	{"status": 404, "method": "GET", "path": "/favicon.ico", "query": "", "ip": "::1", "user-agent": "Mozilla/5.0 (Windows NT 10.0; WOW64) AppleWebKit/537.36 (KHTML, like Gecko) Chrome/78.0.3904.108 Safari/537.36", "errors": "", "cost": 0}
[NLY-GIN-ADMIN] 2020/11/04 - 00:03:26.811	[34minfo[0m	/favicon.ico	{"status": 404, "method": "GET", "path": "/favicon.ico", "query": "", "ip": "::1", "user-agent": "Mozilla/5.0 (Windows NT 10.0; WOW64) AppleWebKit/537.36 (KHTML, like Gecko) Chrome/78.0.3904.108 Safari/537.36", "errors": "", "cost": 0}
[NLY-GIN-ADMIN] 2020/11/04 - 00:03:27.414	[34minfo[0m	/favicon.ico	{"status": 404, "method": "GET", "path": "/favicon.ico", "query": "", "ip": "::1", "user-agent": "Mozilla/5.0 (Windows NT 10.0; WOW64) AppleWebKit/537.36 (KHTML, like Gecko) Chrome/78.0.3904.108 Safari/537.36", "errors": "", "cost": 0}
[NLY-GIN-ADMIN] 2020/11/04 - 00:03:28.014	[34minfo[0m	/favicon.ico	{"status": 404, "method": "GET", "path": "/favicon.ico", "query": "", "ip": "::1", "user-agent": "Mozilla/5.0 (Windows NT 10.0; WOW64) AppleWebKit/537.36 (KHTML, like Gecko) Chrome/78.0.3904.108 Safari/537.36", "errors": "", "cost": 0.0009978}
[NLY-GIN-ADMIN] 2020/11/04 - 00:03:28.614	[34minfo[0m	/favicon.ico	{"status": 404, "method": "GET", "path": "/favicon.ico", "query": "", "ip": "::1", "user-agent": "Mozilla/5.0 (Windows NT 10.0; WOW64) AppleWebKit/537.36 (KHTML, like Gecko) Chrome/78.0.3904.108 Safari/537.36", "errors": "", "cost": 0}
[NLY-GIN-ADMIN] 2020/11/04 - 00:03:29.231	[34minfo[0m	/favicon.ico	{"status": 404, "method": "GET", "path": "/favicon.ico", "query": "", "ip": "::1", "user-agent": "Mozilla/5.0 (Windows NT 10.0; WOW64) AppleWebKit/537.36 (KHTML, like Gecko) Chrome/78.0.3904.108 Safari/537.36", "errors": "", "cost": 0}
[NLY-GIN-ADMIN] 2020/11/04 - 00:03:29.832	[34minfo[0m	/favicon.ico	{"status": 404, "method": "GET", "path": "/favicon.ico", "query": "", "ip": "::1", "user-agent": "Mozilla/5.0 (Windows NT 10.0; WOW64) AppleWebKit/537.36 (KHTML, like Gecko) Chrome/78.0.3904.108 Safari/537.36", "errors": "", "cost": 0}
[NLY-GIN-ADMIN] 2020/11/04 - 00:03:30.432	[34minfo[0m	/favicon.ico	{"status": 404, "method": "GET", "path": "/favicon.ico", "query": "", "ip": "::1", "user-agent": "Mozilla/5.0 (Windows NT 10.0; WOW64) AppleWebKit/537.36 (KHTML, like Gecko) Chrome/78.0.3904.108 Safari/537.36", "errors": "", "cost": 0}
[NLY-GIN-ADMIN] 2020/11/04 - 00:03:31.034	[34minfo[0m	/favicon.ico	{"status": 404, "method": "GET", "path": "/favicon.ico", "query": "", "ip": "::1", "user-agent": "Mozilla/5.0 (Windows NT 10.0; WOW64) AppleWebKit/537.36 (KHTML, like Gecko) Chrome/78.0.3904.108 Safari/537.36", "errors": "", "cost": 0}
[NLY-GIN-ADMIN] 2020/11/04 - 00:03:31.652	[34minfo[0m	/favicon.ico	{"status": 404, "method": "GET", "path": "/favicon.ico", "query": "", "ip": "::1", "user-agent": "Mozilla/5.0 (Windows NT 10.0; WOW64) AppleWebKit/537.36 (KHTML, like Gecko) Chrome/78.0.3904.108 Safari/537.36", "errors": "", "cost": 0}
[NLY-GIN-ADMIN] 2020/11/04 - 00:03:32.267	[34minfo[0m	/favicon.ico	{"status": 404, "method": "GET", "path": "/favicon.ico", "query": "", "ip": "::1", "user-agent": "Mozilla/5.0 (Windows NT 10.0; WOW64) AppleWebKit/537.36 (KHTML, like Gecko) Chrome/78.0.3904.108 Safari/537.36", "errors": "", "cost": 0}
[NLY-GIN-ADMIN] 2020/11/04 - 00:03:32.869	[34minfo[0m	/favicon.ico	{"status": 404, "method": "GET", "path": "/favicon.ico", "query": "", "ip": "::1", "user-agent": "Mozilla/5.0 (Windows NT 10.0; WOW64) AppleWebKit/537.36 (KHTML, like Gecko) Chrome/78.0.3904.108 Safari/537.36", "errors": "", "cost": 0}
[NLY-GIN-ADMIN] 2020/11/04 - 00:03:33.485	[34minfo[0m	/favicon.ico	{"status": 404, "method": "GET", "path": "/favicon.ico", "query": "", "ip": "::1", "user-agent": "Mozilla/5.0 (Windows NT 10.0; WOW64) AppleWebKit/537.36 (KHTML, like Gecko) Chrome/78.0.3904.108 Safari/537.36", "errors": "", "cost": 0}
[NLY-GIN-ADMIN] 2020/11/04 - 00:03:34.086	[34minfo[0m	/favicon.ico	{"status": 404, "method": "GET", "path": "/favicon.ico", "query": "", "ip": "::1", "user-agent": "Mozilla/5.0 (Windows NT 10.0; WOW64) AppleWebKit/537.36 (KHTML, like Gecko) Chrome/78.0.3904.108 Safari/537.36", "errors": "", "cost": 0}
[NLY-GIN-ADMIN] 2020/11/04 - 00:03:34.698	[34minfo[0m	/favicon.ico	{"status": 404, "method": "GET", "path": "/favicon.ico", "query": "", "ip": "::1", "user-agent": "Mozilla/5.0 (Windows NT 10.0; WOW64) AppleWebKit/537.36 (KHTML, like Gecko) Chrome/78.0.3904.108 Safari/537.36", "errors": "", "cost": 0}
[NLY-GIN-ADMIN] 2020/11/04 - 00:03:35.304	[34minfo[0m	/favicon.ico	{"status": 404, "method": "GET", "path": "/favicon.ico", "query": "", "ip": "::1", "user-agent": "Mozilla/5.0 (Windows NT 10.0; WOW64) AppleWebKit/537.36 (KHTML, like Gecko) Chrome/78.0.3904.108 Safari/537.36", "errors": "", "cost": 0}
[NLY-GIN-ADMIN] 2020/11/04 - 00:03:35.905	[34minfo[0m	/favicon.ico	{"status": 404, "method": "GET", "path": "/favicon.ico", "query": "", "ip": "::1", "user-agent": "Mozilla/5.0 (Windows NT 10.0; WOW64) AppleWebKit/537.36 (KHTML, like Gecko) Chrome/78.0.3904.108 Safari/537.36", "errors": "", "cost": 0}
[NLY-GIN-ADMIN] 2020/11/04 - 00:03:36.522	[34minfo[0m	/favicon.ico	{"status": 404, "method": "GET", "path": "/favicon.ico", "query": "", "ip": "::1", "user-agent": "Mozilla/5.0 (Windows NT 10.0; WOW64) AppleWebKit/537.36 (KHTML, like Gecko) Chrome/78.0.3904.108 Safari/537.36", "errors": "", "cost": 0}
[NLY-GIN-ADMIN] 2020/11/04 - 00:03:37.140	[34minfo[0m	/favicon.ico	{"status": 404, "method": "GET", "path": "/favicon.ico", "query": "", "ip": "::1", "user-agent": "Mozilla/5.0 (Windows NT 10.0; WOW64) AppleWebKit/537.36 (KHTML, like Gecko) Chrome/78.0.3904.108 Safari/537.36", "errors": "", "cost": 0}
[NLY-GIN-ADMIN] 2020/11/04 - 00:03:37.770	[34minfo[0m	/favicon.ico	{"status": 404, "method": "GET", "path": "/favicon.ico", "query": "", "ip": "::1", "user-agent": "Mozilla/5.0 (Windows NT 10.0; WOW64) AppleWebKit/537.36 (KHTML, like Gecko) Chrome/78.0.3904.108 Safari/537.36", "errors": "", "cost": 0}
[NLY-GIN-ADMIN] 2020/11/04 - 00:03:38.373	[34minfo[0m	/favicon.ico	{"status": 404, "method": "GET", "path": "/favicon.ico", "query": "", "ip": "::1", "user-agent": "Mozilla/5.0 (Windows NT 10.0; WOW64) AppleWebKit/537.36 (KHTML, like Gecko) Chrome/78.0.3904.108 Safari/537.36", "errors": "", "cost": 0}
[NLY-GIN-ADMIN] 2020/11/04 - 00:03:38.975	[34minfo[0m	/favicon.ico	{"status": 404, "method": "GET", "path": "/favicon.ico", "query": "", "ip": "::1", "user-agent": "Mozilla/5.0 (Windows NT 10.0; WOW64) AppleWebKit/537.36 (KHTML, like Gecko) Chrome/78.0.3904.108 Safari/537.36", "errors": "", "cost": 0.0009964}
[NLY-GIN-ADMIN] 2020/11/04 - 00:03:39.047	[34minfo[0m	/user/get_user_llist	{"status": 404, "method": "GET", "path": "/user/get_user_llist", "query": "", "ip": "::1", "user-agent": "Mozilla/5.0 (Windows NT 10.0; WOW64) AppleWebKit/537.36 (KHTML, like Gecko) Chrome/78.0.3904.108 Safari/537.36", "errors": "", "cost": 0}
[NLY-GIN-ADMIN] 2020/11/04 - 00:03:41.906	[34minfo[0m	/user/get_user_llist	{"status": 404, "method": "GET", "path": "/user/get_user_llist", "query": "", "ip": "::1", "user-agent": "Mozilla/5.0 (Windows NT 10.0; WOW64) AppleWebKit/537.36 (KHTML, like Gecko) Chrome/78.0.3904.108 Safari/537.36", "errors": "", "cost": 0}
[NLY-GIN-ADMIN] 2020/11/04 - 00:03:45.078	[34minfo[0m	/favicon.ico	{"status": 404, "method": "GET", "path": "/favicon.ico", "query": "", "ip": "::1", "user-agent": "Mozilla/5.0 (Windows NT 10.0; WOW64) AppleWebKit/537.36 (KHTML, like Gecko) Chrome/78.0.3904.108 Safari/537.36", "errors": "", "cost": 0}
[NLY-GIN-ADMIN] 2020/11/04 - 00:03:45.681	[34minfo[0m	/favicon.ico	{"status": 404, "method": "GET", "path": "/favicon.ico", "query": "", "ip": "::1", "user-agent": "Mozilla/5.0 (Windows NT 10.0; WOW64) AppleWebKit/537.36 (KHTML, like Gecko) Chrome/78.0.3904.108 Safari/537.36", "errors": "", "cost": 0}
[NLY-GIN-ADMIN] 2020/11/04 - 00:03:46.299	[34minfo[0m	/favicon.ico	{"status": 404, "method": "GET", "path": "/favicon.ico", "query": "", "ip": "::1", "user-agent": "Mozilla/5.0 (Windows NT 10.0; WOW64) AppleWebKit/537.36 (KHTML, like Gecko) Chrome/78.0.3904.108 Safari/537.36", "errors": "", "cost": 0}
[NLY-GIN-ADMIN] 2020/11/04 - 00:03:46.900	[34minfo[0m	/favicon.ico	{"status": 404, "method": "GET", "path": "/favicon.ico", "query": "", "ip": "::1", "user-agent": "Mozilla/5.0 (Windows NT 10.0; WOW64) AppleWebKit/537.36 (KHTML, like Gecko) Chrome/78.0.3904.108 Safari/537.36", "errors": "", "cost": 0}
[NLY-GIN-ADMIN] 2020/11/04 - 00:03:47.120	[34minfo[0m	/user/get_user_list	{"status": 200, "method": "GET", "path": "/user/get_user_list", "query": "", "ip": "::1", "user-agent": "Mozilla/5.0 (Windows NT 10.0; WOW64) AppleWebKit/537.36 (KHTML, like Gecko) Chrome/78.0.3904.108 Safari/537.36", "errors": "", "cost": 0}
