[NLY-GIN-ADMIN] 2020/11/06 - 23:04:37.152	[34minfo[0m	å¼€å§‹åˆå§‹åŒ–æ•°æ®åº“
[NLY-GIN-ADMIN] 2020/11/06 - 23:04:37.567	[34minfo[0m	postgreså¯åŠ¨æˆåŠŸ: 	{"hostname": "host=120.25.237.88 port=5432 user=nly dbname=nly_test_2 password=nlyadminlte sslmode=disable"}
[NLY-GIN-ADMIN] 2020/11/06 - 23:04:37.568	[34minfo[0m	å¼€å§‹è¿ç§»æ•°æ®åº“
[NLY-GIN-ADMIN] 2020/11/06 - 23:04:39.211	[34minfo[0m	è¿ç§»è¡¨ User æˆåŠŸ
[NLY-GIN-ADMIN] 2020/11/06 - 23:04:39.211	[34minfo[0m	è¿ç§»æ•°æ®åº“æˆåŠŸ
[NLY-GIN-ADMIN] 2020/11/06 - 23:04:39.211	[34minfo[0m	å¼€å§‹åˆå§‹åŒ–è·¯ç”±è®¾ç½®
[NLY-GIN-ADMIN] 2020/11/06 - 23:04:39.211	[34minfo[0m	ä½¿ç”¨ Zap è‡ªå®šä¹‰ Logger å’Œ Recovery 
[NLY-GIN-ADMIN] 2020/11/06 - 23:04:39.213	[34minfo[0m	æ³¨å†Œè·¨åŸŸä¸­é—´ä»¶
[NLY-GIN-ADMIN] 2020/11/06 - 23:04:39.213	[34minfo[0m	register swagger handler
[NLY-GIN-ADMIN] 2020/11/06 - 23:04:39.213	[34minfo[0m	å¼€å§‹æ³¨å†Œè·¯ç”±
[NLY-GIN-ADMIN] 2020/11/06 - 23:04:39.213	[34minfo[0m	å…¨éƒ¨è·¯ç”±æ³¨å†ŒæˆåŠŸ
[NLY-GIN-ADMIN] 2020/11/06 - 23:04:39.213	[34minfo[0m	è·¯ç”±åˆå§‹åŒ–æˆåŠŸ
[NLY-GIN-ADMIN] 2020/11/06 - 23:04:39.214	[34minfo[0m	server run success on 	{"address": ":8888"}
[NLY-GIN-ADMIN] 2020/11/06 - 23:05:14.877	[34minfo[0m	å¼€å§‹åˆå§‹åŒ–æ•°æ®åº“
[NLY-GIN-ADMIN] 2020/11/06 - 23:05:15.307	[34minfo[0m	postgreså¯åŠ¨æˆåŠŸ: 	{"hostname": "host=120.25.237.88 port=5432 user=nly dbname=nly_test_2 password=nlyadminlte sslmode=disable"}
[NLY-GIN-ADMIN] 2020/11/06 - 23:05:15.307	[34minfo[0m	å¼€å§‹è¿ç§»æ•°æ®åº“
[NLY-GIN-ADMIN] 2020/11/06 - 23:05:16.907	[34minfo[0m	è¿ç§»è¡¨ User æˆåŠŸ
[NLY-GIN-ADMIN] 2020/11/06 - 23:05:16.907	[34minfo[0m	è¿ç§»æ•°æ®åº“æˆåŠŸ
[NLY-GIN-ADMIN] 2020/11/06 - 23:05:16.907	[34minfo[0m	å¼€å§‹åˆå§‹åŒ–è·¯ç”±è®¾ç½®
[NLY-GIN-ADMIN] 2020/11/06 - 23:05:16.907	[34minfo[0m	ä½¿ç”¨ Zap è‡ªå®šä¹‰ Logger å’Œ Recovery 
[NLY-GIN-ADMIN] 2020/11/06 - 23:05:16.907	[34minfo[0m	æ³¨å†Œè·¨åŸŸä¸­é—´ä»¶
[NLY-GIN-ADMIN] 2020/11/06 - 23:05:16.908	[34minfo[0m	register swagger handler
[NLY-GIN-ADMIN] 2020/11/06 - 23:05:16.908	[34minfo[0m	å¼€å§‹æ³¨å†Œè·¯ç”±
[NLY-GIN-ADMIN] 2020/11/06 - 23:05:16.908	[34minfo[0m	å…¨éƒ¨è·¯ç”±æ³¨å†ŒæˆåŠŸ
[NLY-GIN-ADMIN] 2020/11/06 - 23:05:16.908	[34minfo[0m	è·¯ç”±åˆå§‹åŒ–æˆåŠŸ
[NLY-GIN-ADMIN] 2020/11/06 - 23:05:16.909	[34minfo[0m	server run success on 	{"address": ":8888"}
